2016-11-2415:50:25,232  INFO com.my.sb.App:48 - Starting App on Lenovo-PC-024 with PID 11144 (E:\mayueEclipse\sb\target\classes started by wanglin in E:\mayueEclipse\sb)
2016-11-2415:50:25,237  INFO com.my.sb.App:666 - No active profile set, falling back to default profiles: default
2016-11-2415:50:25,365  INFO org.springframework.boot.context.embedded.AnnotationConfigEmbeddedWebApplicationContext:578 - Refreshing org.springframework.boot.context.embedded.AnnotationConfigEmbeddedWebApplicationContext@62230c58: startup date [Thu Nov 24 15:50:25 CST 2016]; root of context hierarchy
2016-11-2415:50:25,843  INFO org.hibernate.validator.internal.util.Version:30 - HV000001: Hibernate Validator 5.2.4.Final
2016-11-2415:50:28,011  INFO org.springframework.beans.factory.support.DefaultListableBeanFactory:839 - Overriding bean definition for bean 'beanNameViewResolver' with a different definition: replacing [Root bean: class [null]; scope=; abstract=false; lazyInit=false; autowireMode=3; dependencyCheck=0; autowireCandidate=true; primary=false; factoryBeanName=org.springframework.boot.autoconfigure.web.ErrorMvcAutoConfiguration$WhitelabelErrorViewConfiguration; factoryMethodName=beanNameViewResolver; initMethodName=null; destroyMethodName=(inferred); defined in class path resource [org/springframework/boot/autoconfigure/web/ErrorMvcAutoConfiguration$WhitelabelErrorViewConfiguration.class]] with [Root bean: class [null]; scope=; abstract=false; lazyInit=false; autowireMode=3; dependencyCheck=0; autowireCandidate=true; primary=false; factoryBeanName=org.springframework.boot.autoconfigure.web.WebMvcAutoConfiguration$WebMvcAutoConfigurationAdapter; factoryMethodName=beanNameViewResolver; initMethodName=null; destroyMethodName=(inferred); defined in class path resource [org/springframework/boot/autoconfigure/web/WebMvcAutoConfiguration$WebMvcAutoConfigurationAdapter.class]]
2016-11-2415:50:28,802  INFO org.springframework.context.support.PostProcessorRegistrationDelegate$BeanPostProcessorChecker:328 - Bean 'org.springframework.transaction.annotation.ProxyTransactionManagementConfiguration' of type [class org.springframework.transaction.annotation.ProxyTransactionManagementConfiguration$$EnhancerBySpringCGLIB$$c5eea21d] is not eligible for getting processed by all BeanPostProcessors (for example: not eligible for auto-proxying)
2016-11-2415:50:30,209  INFO org.springframework.boot.context.embedded.tomcat.TomcatEmbeddedServletContainer:81 - Tomcat initialized with port(s): 8081 (http)
2016-11-2415:50:30,253  INFO org.apache.catalina.core.StandardService:180 - Starting service Tomcat
2016-11-2415:50:30,258  INFO org.apache.catalina.core.StandardEngine:180 - Starting Servlet Engine: Apache Tomcat/8.0.32
2016-11-2415:50:30,552  INFO org.apache.catalina.core.ContainerBase.[Tomcat].[localhost].[/]:180 - Initializing Spring embedded WebApplicationContext
2016-11-2415:50:30,553  INFO org.springframework.web.context.ContextLoader:272 - Root WebApplicationContext: initialization completed in 5193 ms
2016-11-2415:50:31,486  INFO org.springframework.boot.context.embedded.FilterRegistrationBean:258 - Mapping filter: 'characterEncodingFilter' to: [/*]
2016-11-2415:50:31,488  INFO org.springframework.boot.context.embedded.FilterRegistrationBean:258 - Mapping filter: 'hiddenHttpMethodFilter' to: [/*]
2016-11-2415:50:31,489  INFO org.springframework.boot.context.embedded.FilterRegistrationBean:258 - Mapping filter: 'httpPutFormContentFilter' to: [/*]
2016-11-2415:50:31,490  INFO org.springframework.boot.context.embedded.FilterRegistrationBean:258 - Mapping filter: 'requestContextFilter' to: [/*]
2016-11-2415:50:31,490  INFO org.springframework.boot.context.embedded.FilterRegistrationBean:271 - Mapping filter: 'securityFilter' to urls: [/*]
2016-11-2415:50:31,492  INFO org.springframework.boot.context.embedded.ServletRegistrationBean:189 - Mapping servlet: 'dispatcherServlet' to [/]
2016-11-2415:50:32,266  INFO com.my.sb.App:60 - >>>>>>>>>>org.springframework.jdbc.datasource.DataSourceTransactionManager
2016-11-2415:50:32,886  INFO org.springframework.web.servlet.mvc.method.annotation.RequestMappingHandlerAdapter:532 - Looking for @ControllerAdvice: org.springframework.boot.context.embedded.AnnotationConfigEmbeddedWebApplicationContext@62230c58: startup date [Thu Nov 24 15:50:25 CST 2016]; root of context hierarchy
2016-11-2415:50:33,095  INFO org.springframework.web.servlet.mvc.method.annotation.RequestMappingHandlerMapping:534 - Mapped "{[/goods/],methods=[GET]}" onto public java.lang.String com.my.sb.controller.GoodsCtrl.getGoods()
2016-11-2415:50:33,104  INFO org.springframework.web.servlet.mvc.method.annotation.RequestMappingHandlerMapping:534 - Mapped "{[/goods/save]}" onto public java.lang.String com.my.sb.controller.GoodsCtrl.saveGoods()
2016-11-2415:50:33,109  INFO org.springframework.web.servlet.mvc.method.annotation.RequestMappingHandlerMapping:534 - Mapped "{[/login/checkLogin],methods=[POST]}" onto public boolean com.my.sb.controller.loginController.checkLogin(com.my.sb.domain.User)
2016-11-2415:50:33,112  INFO org.springframework.web.servlet.mvc.method.annotation.RequestMappingHandlerMapping:534 - Mapped "{[/message/insertMessage],methods=[GET]}" onto public void com.my.sb.controller.MessageCtrl.insertMessage()
2016-11-2415:50:33,121  INFO org.springframework.web.servlet.mvc.method.annotation.RequestMappingHandlerMapping:534 - Mapped "{[/message/getMessageList],methods=[GET]}" onto public java.util.List<com.my.sb.domain.Message> com.my.sb.controller.MessageCtrl.getMessageList()
2016-11-2415:50:33,129  INFO org.springframework.web.servlet.mvc.method.annotation.RequestMappingHandlerMapping:534 - Mapped "{[/error]}" onto public org.springframework.http.ResponseEntity<java.util.Map<java.lang.String, java.lang.Object>> org.springframework.boot.autoconfigure.web.BasicErrorController.error(javax.servlet.http.HttpServletRequest)
2016-11-2415:50:33,133  INFO org.springframework.web.servlet.mvc.method.annotation.RequestMappingHandlerMapping:534 - Mapped "{[/error],produces=[text/html]}" onto public org.springframework.web.servlet.ModelAndView org.springframework.boot.autoconfigure.web.BasicErrorController.errorHtml(javax.servlet.http.HttpServletRequest,javax.servlet.http.HttpServletResponse)
2016-11-2415:50:33,250  INFO org.springframework.web.servlet.handler.SimpleUrlHandlerMapping:341 - Mapped URL path [/webjars/**] onto handler of type [class org.springframework.web.servlet.resource.ResourceHttpRequestHandler]
2016-11-2415:50:33,251  INFO org.springframework.web.servlet.handler.SimpleUrlHandlerMapping:341 - Mapped URL path [/**] onto handler of type [class org.springframework.web.servlet.resource.ResourceHttpRequestHandler]
2016-11-2415:50:33,297  INFO org.springframework.web.servlet.mvc.method.annotation.ExceptionHandlerExceptionResolver:267 - Detected @ExceptionHandler methods in exceptionAdvice
2016-11-2415:50:33,370  INFO org.springframework.web.servlet.handler.SimpleUrlHandlerMapping:341 - Mapped URL path [/**/favicon.ico] onto handler of type [class org.springframework.web.servlet.resource.ResourceHttpRequestHandler]
2016-11-2415:50:34,027  INFO org.springframework.jmx.export.annotation.AnnotationMBeanExporter:431 - Registering beans for JMX exposure on startup
2016-11-2415:50:34,132  INFO org.apache.coyote.http11.Http11NioProtocol:180 - Initializing ProtocolHandler ["http-nio-8081"]
2016-11-2415:50:34,154  INFO org.apache.coyote.http11.Http11NioProtocol:180 - Starting ProtocolHandler ["http-nio-8081"]
2016-11-2415:50:34,208  INFO org.apache.tomcat.util.net.NioSelectorPool:180 - Using a shared selector for servlet write/read
2016-11-2415:50:34,329  INFO org.springframework.boot.context.embedded.tomcat.TomcatEmbeddedServletContainer:162 - Tomcat started on port(s): 8081 (http)
2016-11-2415:50:34,342  INFO com.my.sb.App:57 - Started App in 9.827 seconds (JVM running for 10.657)
2016-11-2415:50:34,344  INFO com.my.sb.App:69 - -------------applicationName-------------
2016-11-2415:50:34,344  INFO com.my.sb.App:70 - 
2016-11-2415:50:34,345  INFO com.my.sb.App:71 - -------------displayName-------------
2016-11-2415:50:34,345  INFO com.my.sb.App:72 - org.springframework.boot.context.embedded.AnnotationConfigEmbeddedWebApplicationContext@62230c58
2016-11-2415:50:34,345  INFO com.my.sb.App:75 - --------------server port---------------------
2016-11-2415:50:34,346  INFO com.my.sb.App:76 - 8081
2016-11-2415:50:34,346  INFO com.my.sb.App:79 - default
2016-11-2415:50:59,782  INFO org.apache.catalina.core.ContainerBase.[Tomcat].[localhost].[/]:180 - Initializing Spring FrameworkServlet 'dispatcherServlet'
2016-11-2415:50:59,784  INFO org.springframework.web.servlet.DispatcherServlet:488 - FrameworkServlet 'dispatcherServlet': initialization started
2016-11-2415:50:59,830  INFO org.springframework.web.servlet.DispatcherServlet:507 - FrameworkServlet 'dispatcherServlet': initialization completed in 46 ms
2016-11-2416:16:35,963  INFO com.my.sb.App:48 - Starting App on Lenovo-PC-024 with PID 11956 (E:\mayueEclipse\sb\target\classes started by wanglin in E:\mayueEclipse\sb)
2016-11-2416:16:35,968  INFO com.my.sb.App:666 - No active profile set, falling back to default profiles: default
2016-11-2416:16:36,112  INFO org.springframework.boot.context.embedded.AnnotationConfigEmbeddedWebApplicationContext:578 - Refreshing org.springframework.boot.context.embedded.AnnotationConfigEmbeddedWebApplicationContext@65f095f8: startup date [Thu Nov 24 16:16:36 CST 2016]; root of context hierarchy
2016-11-2416:16:36,688  INFO org.hibernate.validator.internal.util.Version:30 - HV000001: Hibernate Validator 5.2.4.Final
2016-11-2416:16:39,047  INFO org.springframework.beans.factory.support.DefaultListableBeanFactory:839 - Overriding bean definition for bean 'beanNameViewResolver' with a different definition: replacing [Root bean: class [null]; scope=; abstract=false; lazyInit=false; autowireMode=3; dependencyCheck=0; autowireCandidate=true; primary=false; factoryBeanName=org.springframework.boot.autoconfigure.web.ErrorMvcAutoConfiguration$WhitelabelErrorViewConfiguration; factoryMethodName=beanNameViewResolver; initMethodName=null; destroyMethodName=(inferred); defined in class path resource [org/springframework/boot/autoconfigure/web/ErrorMvcAutoConfiguration$WhitelabelErrorViewConfiguration.class]] with [Root bean: class [null]; scope=; abstract=false; lazyInit=false; autowireMode=3; dependencyCheck=0; autowireCandidate=true; primary=false; factoryBeanName=org.springframework.boot.autoconfigure.web.WebMvcAutoConfiguration$WebMvcAutoConfigurationAdapter; factoryMethodName=beanNameViewResolver; initMethodName=null; destroyMethodName=(inferred); defined in class path resource [org/springframework/boot/autoconfigure/web/WebMvcAutoConfiguration$WebMvcAutoConfigurationAdapter.class]]
2016-11-2416:16:39,846  INFO org.springframework.context.support.PostProcessorRegistrationDelegate$BeanPostProcessorChecker:328 - Bean 'org.springframework.transaction.annotation.ProxyTransactionManagementConfiguration' of type [class org.springframework.transaction.annotation.ProxyTransactionManagementConfiguration$$EnhancerBySpringCGLIB$$34d5f606] is not eligible for getting processed by all BeanPostProcessors (for example: not eligible for auto-proxying)
2016-11-2416:16:41,408  INFO org.springframework.boot.context.embedded.tomcat.TomcatEmbeddedServletContainer:81 - Tomcat initialized with port(s): 8081 (http)
2016-11-2416:16:41,441  INFO org.apache.catalina.core.StandardService:180 - Starting service Tomcat
2016-11-2416:16:41,444  INFO org.apache.catalina.core.StandardEngine:180 - Starting Servlet Engine: Apache Tomcat/8.0.32
2016-11-2416:16:41,765  INFO org.apache.catalina.core.ContainerBase.[Tomcat].[localhost].[/]:180 - Initializing Spring embedded WebApplicationContext
2016-11-2416:16:41,766  INFO org.springframework.web.context.ContextLoader:272 - Root WebApplicationContext: initialization completed in 5661 ms
2016-11-2416:16:42,772  INFO org.springframework.boot.context.embedded.FilterRegistrationBean:258 - Mapping filter: 'characterEncodingFilter' to: [/*]
2016-11-2416:16:42,773  INFO org.springframework.boot.context.embedded.FilterRegistrationBean:258 - Mapping filter: 'hiddenHttpMethodFilter' to: [/*]
2016-11-2416:16:42,774  INFO org.springframework.boot.context.embedded.FilterRegistrationBean:258 - Mapping filter: 'httpPutFormContentFilter' to: [/*]
2016-11-2416:16:42,783  INFO org.springframework.boot.context.embedded.FilterRegistrationBean:258 - Mapping filter: 'requestContextFilter' to: [/*]
2016-11-2416:16:42,784  INFO org.springframework.boot.context.embedded.FilterRegistrationBean:271 - Mapping filter: 'securityFilter' to urls: [/*]
2016-11-2416:16:42,788  INFO org.springframework.boot.context.embedded.ServletRegistrationBean:189 - Mapping servlet: 'dispatcherServlet' to [/]
2016-11-2416:16:43,620  INFO com.my.sb.App:60 - >>>>>>>>>>org.springframework.jdbc.datasource.DataSourceTransactionManager
2016-11-2416:16:44,256  INFO org.springframework.web.servlet.mvc.method.annotation.RequestMappingHandlerAdapter:532 - Looking for @ControllerAdvice: org.springframework.boot.context.embedded.AnnotationConfigEmbeddedWebApplicationContext@65f095f8: startup date [Thu Nov 24 16:16:36 CST 2016]; root of context hierarchy
2016-11-2416:16:44,505  INFO org.springframework.web.servlet.mvc.method.annotation.RequestMappingHandlerMapping:534 - Mapped "{[/goods/],methods=[GET]}" onto public java.lang.String com.my.sb.controller.GoodsCtrl.getGoods()
2016-11-2416:16:44,507  INFO org.springframework.web.servlet.mvc.method.annotation.RequestMappingHandlerMapping:534 - Mapped "{[/goods/save]}" onto public java.lang.String com.my.sb.controller.GoodsCtrl.saveGoods()
2016-11-2416:16:44,508  INFO org.springframework.web.servlet.mvc.method.annotation.RequestMappingHandlerMapping:534 - Mapped "{[/login/checkLogin],methods=[POST]}" onto public boolean com.my.sb.controller.loginController.checkLogin(com.my.sb.domain.User)
2016-11-2416:16:44,511  INFO org.springframework.web.servlet.mvc.method.annotation.RequestMappingHandlerMapping:534 - Mapped "{[/message/getMessageList],methods=[GET]}" onto public java.util.List<com.my.sb.domain.Message> com.my.sb.controller.MessageCtrl.getMessageList()
2016-11-2416:16:44,512  INFO org.springframework.web.servlet.mvc.method.annotation.RequestMappingHandlerMapping:534 - Mapped "{[/message/insertMessage],methods=[GET]}" onto public void com.my.sb.controller.MessageCtrl.insertMessage()
2016-11-2416:16:44,533  INFO org.springframework.web.servlet.mvc.method.annotation.RequestMappingHandlerMapping:534 - Mapped "{[/error]}" onto public org.springframework.http.ResponseEntity<java.util.Map<java.lang.String, java.lang.Object>> org.springframework.boot.autoconfigure.web.BasicErrorController.error(javax.servlet.http.HttpServletRequest)
2016-11-2416:16:44,534  INFO org.springframework.web.servlet.mvc.method.annotation.RequestMappingHandlerMapping:534 - Mapped "{[/error],produces=[text/html]}" onto public org.springframework.web.servlet.ModelAndView org.springframework.boot.autoconfigure.web.BasicErrorController.errorHtml(javax.servlet.http.HttpServletRequest,javax.servlet.http.HttpServletResponse)
2016-11-2416:16:44,655  INFO org.springframework.web.servlet.handler.SimpleUrlHandlerMapping:341 - Mapped URL path [/webjars/**] onto handler of type [class org.springframework.web.servlet.resource.ResourceHttpRequestHandler]
2016-11-2416:16:44,656  INFO org.springframework.web.servlet.handler.SimpleUrlHandlerMapping:341 - Mapped URL path [/**] onto handler of type [class org.springframework.web.servlet.resource.ResourceHttpRequestHandler]
2016-11-2416:16:44,708  INFO org.springframework.web.servlet.mvc.method.annotation.ExceptionHandlerExceptionResolver:267 - Detected @ExceptionHandler methods in exceptionAdvice
2016-11-2416:16:44,762  INFO org.springframework.web.servlet.handler.SimpleUrlHandlerMapping:341 - Mapped URL path [/**/favicon.ico] onto handler of type [class org.springframework.web.servlet.resource.ResourceHttpRequestHandler]
2016-11-2416:16:45,563  INFO org.springframework.jmx.export.annotation.AnnotationMBeanExporter:431 - Registering beans for JMX exposure on startup
2016-11-2416:16:45,710  INFO org.apache.coyote.http11.Http11NioProtocol:180 - Initializing ProtocolHandler ["http-nio-8081"]
2016-11-2416:16:45,771  INFO org.apache.coyote.http11.Http11NioProtocol:180 - Starting ProtocolHandler ["http-nio-8081"]
2016-11-2416:16:45,801  INFO org.apache.tomcat.util.net.NioSelectorPool:180 - Using a shared selector for servlet write/read
2016-11-2416:16:45,872  INFO org.springframework.boot.context.embedded.tomcat.TomcatEmbeddedServletContainer:162 - Tomcat started on port(s): 8081 (http)
2016-11-2416:16:45,890  INFO com.my.sb.App:57 - Started App in 10.837 seconds (JVM running for 11.537)
2016-11-2416:16:45,890  INFO com.my.sb.App:69 - -------------applicationName-------------
2016-11-2416:16:45,890  INFO com.my.sb.App:70 - 
2016-11-2416:16:45,890  INFO com.my.sb.App:71 - -------------displayName-------------
2016-11-2416:16:45,891  INFO com.my.sb.App:72 - org.springframework.boot.context.embedded.AnnotationConfigEmbeddedWebApplicationContext@65f095f8
2016-11-2416:16:45,891  INFO com.my.sb.App:75 - --------------server port---------------------
2016-11-2416:16:45,892  INFO com.my.sb.App:76 - 8081
2016-11-2416:16:45,892  INFO com.my.sb.App:79 - default
2016-11-2416:16:47,072  INFO org.apache.catalina.core.ContainerBase.[Tomcat].[localhost].[/]:180 - Initializing Spring FrameworkServlet 'dispatcherServlet'
2016-11-2416:16:47,073  INFO org.springframework.web.servlet.DispatcherServlet:488 - FrameworkServlet 'dispatcherServlet': initialization started
2016-11-2416:16:47,113  INFO org.springframework.web.servlet.DispatcherServlet:507 - FrameworkServlet 'dispatcherServlet': initialization completed in 40 ms
2016-11-2417:00:43,747  INFO com.my.sb.App:48 - Starting App on Lenovo-PC-024 with PID 7164 (E:\mayueEclipse\sb\target\classes started by wanglin in E:\mayueEclipse\sb)
2016-11-2417:00:43,750  INFO com.my.sb.App:666 - No active profile set, falling back to default profiles: default
2016-11-2417:00:43,887  INFO org.springframework.boot.context.embedded.AnnotationConfigEmbeddedWebApplicationContext:578 - Refreshing org.springframework.boot.context.embedded.AnnotationConfigEmbeddedWebApplicationContext@2cd2a21f: startup date [Thu Nov 24 17:00:43 CST 2016]; root of context hierarchy
2016-11-2417:00:44,283  INFO org.hibernate.validator.internal.util.Version:30 - HV000001: Hibernate Validator 5.2.4.Final
2016-11-2417:00:46,396  INFO org.springframework.beans.factory.support.DefaultListableBeanFactory:839 - Overriding bean definition for bean 'beanNameViewResolver' with a different definition: replacing [Root bean: class [null]; scope=; abstract=false; lazyInit=false; autowireMode=3; dependencyCheck=0; autowireCandidate=true; primary=false; factoryBeanName=org.springframework.boot.autoconfigure.web.ErrorMvcAutoConfiguration$WhitelabelErrorViewConfiguration; factoryMethodName=beanNameViewResolver; initMethodName=null; destroyMethodName=(inferred); defined in class path resource [org/springframework/boot/autoconfigure/web/ErrorMvcAutoConfiguration$WhitelabelErrorViewConfiguration.class]] with [Root bean: class [null]; scope=; abstract=false; lazyInit=false; autowireMode=3; dependencyCheck=0; autowireCandidate=true; primary=false; factoryBeanName=org.springframework.boot.autoconfigure.web.WebMvcAutoConfiguration$WebMvcAutoConfigurationAdapter; factoryMethodName=beanNameViewResolver; initMethodName=null; destroyMethodName=(inferred); defined in class path resource [org/springframework/boot/autoconfigure/web/WebMvcAutoConfiguration$WebMvcAutoConfigurationAdapter.class]]
2016-11-2417:00:47,130  INFO org.springframework.context.support.PostProcessorRegistrationDelegate$BeanPostProcessorChecker:328 - Bean 'org.springframework.transaction.annotation.ProxyTransactionManagementConfiguration' of type [class org.springframework.transaction.annotation.ProxyTransactionManagementConfiguration$$EnhancerBySpringCGLIB$$27edfa8a] is not eligible for getting processed by all BeanPostProcessors (for example: not eligible for auto-proxying)
2016-11-2417:00:48,676  INFO org.springframework.boot.context.embedded.tomcat.TomcatEmbeddedServletContainer:81 - Tomcat initialized with port(s): 8081 (http)
2016-11-2417:00:48,709  INFO org.apache.catalina.core.StandardService:180 - Starting service Tomcat
2016-11-2417:00:48,713  INFO org.apache.catalina.core.StandardEngine:180 - Starting Servlet Engine: Apache Tomcat/8.0.32
2016-11-2417:00:48,978  INFO org.apache.catalina.core.ContainerBase.[Tomcat].[localhost].[/]:180 - Initializing Spring embedded WebApplicationContext
2016-11-2417:00:48,978  INFO org.springframework.web.context.ContextLoader:272 - Root WebApplicationContext: initialization completed in 5107 ms
2016-11-2417:00:49,890  INFO org.springframework.boot.context.embedded.FilterRegistrationBean:258 - Mapping filter: 'characterEncodingFilter' to: [/*]
2016-11-2417:00:49,892  INFO org.springframework.boot.context.embedded.FilterRegistrationBean:258 - Mapping filter: 'hiddenHttpMethodFilter' to: [/*]
2016-11-2417:00:49,892  INFO org.springframework.boot.context.embedded.FilterRegistrationBean:258 - Mapping filter: 'httpPutFormContentFilter' to: [/*]
2016-11-2417:00:49,896  INFO org.springframework.boot.context.embedded.FilterRegistrationBean:258 - Mapping filter: 'requestContextFilter' to: [/*]
2016-11-2417:00:49,902  INFO org.springframework.boot.context.embedded.FilterRegistrationBean:271 - Mapping filter: 'securityFilter' to urls: [/*]
2016-11-2417:00:49,906  INFO org.springframework.boot.context.embedded.ServletRegistrationBean:189 - Mapping servlet: 'dispatcherServlet' to [/]
2016-11-2417:00:50,587  INFO org.springframework.aop.framework.CglibAopProxy:265 - Unable to proxy method [protected final java.sql.Connection org.springframework.jdbc.core.support.JdbcDaoSupport.getConnection() throws org.springframework.jdbc.CannotGetJdbcConnectionException] because it is final: All calls to this method via a proxy will NOT be routed to the target instance.
2016-11-2417:00:50,588  INFO org.springframework.aop.framework.CglibAopProxy:265 - Unable to proxy method [public final void org.springframework.jdbc.core.support.JdbcDaoSupport.setDataSource(javax.sql.DataSource)] because it is final: All calls to this method via a proxy will NOT be routed to the target instance.
2016-11-2417:00:50,589  INFO org.springframework.aop.framework.CglibAopProxy:265 - Unable to proxy method [public final javax.sql.DataSource org.springframework.jdbc.core.support.JdbcDaoSupport.getDataSource()] because it is final: All calls to this method via a proxy will NOT be routed to the target instance.
2016-11-2417:00:50,590  INFO org.springframework.aop.framework.CglibAopProxy:265 - Unable to proxy method [protected final org.springframework.jdbc.support.SQLExceptionTranslator org.springframework.jdbc.core.support.JdbcDaoSupport.getExceptionTranslator()] because it is final: All calls to this method via a proxy will NOT be routed to the target instance.
2016-11-2417:00:50,590  INFO org.springframework.aop.framework.CglibAopProxy:265 - Unable to proxy method [protected final void org.springframework.jdbc.core.support.JdbcDaoSupport.releaseConnection(java.sql.Connection)] because it is final: All calls to this method via a proxy will NOT be routed to the target instance.
2016-11-2417:00:50,591  INFO org.springframework.aop.framework.CglibAopProxy:265 - Unable to proxy method [public final void org.springframework.jdbc.core.support.JdbcDaoSupport.setJdbcTemplate(org.springframework.jdbc.core.JdbcTemplate)] because it is final: All calls to this method via a proxy will NOT be routed to the target instance.
2016-11-2417:00:50,591  INFO org.springframework.aop.framework.CglibAopProxy:265 - Unable to proxy method [public final org.springframework.jdbc.core.JdbcTemplate org.springframework.jdbc.core.support.JdbcDaoSupport.getJdbcTemplate()] because it is final: All calls to this method via a proxy will NOT be routed to the target instance.
2016-11-2417:00:50,592  INFO org.springframework.aop.framework.CglibAopProxy:265 - Unable to proxy method [public final void org.springframework.dao.support.DaoSupport.afterPropertiesSet() throws java.lang.IllegalArgumentException,org.springframework.beans.factory.BeanInitializationException] because it is final: All calls to this method via a proxy will NOT be routed to the target instance.
2016-11-2417:00:50,725  INFO com.my.sb.App:60 - >>>>>>>>>>org.springframework.jdbc.datasource.DataSourceTransactionManager
2016-11-2417:00:51,333  INFO org.springframework.web.servlet.mvc.method.annotation.RequestMappingHandlerAdapter:532 - Looking for @ControllerAdvice: org.springframework.boot.context.embedded.AnnotationConfigEmbeddedWebApplicationContext@2cd2a21f: startup date [Thu Nov 24 17:00:43 CST 2016]; root of context hierarchy
2016-11-2417:00:51,522  INFO org.springframework.web.servlet.mvc.method.annotation.RequestMappingHandlerMapping:534 - Mapped "{[/goods/save]}" onto public java.lang.String com.my.sb.controller.GoodsCtrl.saveGoods()
2016-11-2417:00:51,528  INFO org.springframework.web.servlet.mvc.method.annotation.RequestMappingHandlerMapping:534 - Mapped "{[/goods/],methods=[GET]}" onto public java.lang.String com.my.sb.controller.GoodsCtrl.getGoods()
2016-11-2417:00:51,530  INFO org.springframework.web.servlet.mvc.method.annotation.RequestMappingHandlerMapping:534 - Mapped "{[/login/register],methods=[POST]}" onto public java.lang.String com.my.sb.controller.loginController.register(com.my.sb.domain.User)
2016-11-2417:00:51,531  INFO org.springframework.web.servlet.mvc.method.annotation.RequestMappingHandlerMapping:534 - Mapped "{[/login/checkLogin],methods=[POST]}" onto public boolean com.my.sb.controller.loginController.checkLogin(com.my.sb.domain.User)
2016-11-2417:00:51,534  INFO org.springframework.web.servlet.mvc.method.annotation.RequestMappingHandlerMapping:534 - Mapped "{[/message/getMessageList],methods=[GET]}" onto public java.util.List<com.my.sb.domain.Message> com.my.sb.controller.MessageCtrl.getMessageList()
2016-11-2417:00:51,540  INFO org.springframework.web.servlet.mvc.method.annotation.RequestMappingHandlerMapping:534 - Mapped "{[/message/insertMessage],methods=[GET]}" onto public void com.my.sb.controller.MessageCtrl.insertMessage()
2016-11-2417:00:51,552  INFO org.springframework.web.servlet.mvc.method.annotation.RequestMappingHandlerMapping:534 - Mapped "{[/error]}" onto public org.springframework.http.ResponseEntity<java.util.Map<java.lang.String, java.lang.Object>> org.springframework.boot.autoconfigure.web.BasicErrorController.error(javax.servlet.http.HttpServletRequest)
2016-11-2417:00:51,553  INFO org.springframework.web.servlet.mvc.method.annotation.RequestMappingHandlerMapping:534 - Mapped "{[/error],produces=[text/html]}" onto public org.springframework.web.servlet.ModelAndView org.springframework.boot.autoconfigure.web.BasicErrorController.errorHtml(javax.servlet.http.HttpServletRequest,javax.servlet.http.HttpServletResponse)
2016-11-2417:00:51,655  INFO org.springframework.web.servlet.handler.SimpleUrlHandlerMapping:341 - Mapped URL path [/webjars/**] onto handler of type [class org.springframework.web.servlet.resource.ResourceHttpRequestHandler]
2016-11-2417:00:51,658  INFO org.springframework.web.servlet.handler.SimpleUrlHandlerMapping:341 - Mapped URL path [/**] onto handler of type [class org.springframework.web.servlet.resource.ResourceHttpRequestHandler]
2016-11-2417:00:51,718  INFO org.springframework.web.servlet.mvc.method.annotation.ExceptionHandlerExceptionResolver:267 - Detected @ExceptionHandler methods in exceptionAdvice
2016-11-2417:00:51,870  INFO org.springframework.web.servlet.handler.SimpleUrlHandlerMapping:341 - Mapped URL path [/**/favicon.ico] onto handler of type [class org.springframework.web.servlet.resource.ResourceHttpRequestHandler]
2016-11-2417:00:52,427  INFO org.springframework.jmx.export.annotation.AnnotationMBeanExporter:431 - Registering beans for JMX exposure on startup
2016-11-2417:00:52,505  INFO org.apache.coyote.http11.Http11NioProtocol:180 - Initializing ProtocolHandler ["http-nio-8081"]
2016-11-2417:00:52,530  INFO org.apache.coyote.http11.Http11NioProtocol:180 - Starting ProtocolHandler ["http-nio-8081"]
2016-11-2417:00:52,559  INFO org.apache.tomcat.util.net.NioSelectorPool:180 - Using a shared selector for servlet write/read
2016-11-2417:00:52,664  INFO org.springframework.boot.context.embedded.tomcat.TomcatEmbeddedServletContainer:162 - Tomcat started on port(s): 8081 (http)
2016-11-2417:00:52,675  INFO com.my.sb.App:57 - Started App in 9.624 seconds (JVM running for 10.314)
2016-11-2417:00:52,678  INFO com.my.sb.App:69 - -------------applicationName-------------
2016-11-2417:00:52,680  INFO com.my.sb.App:70 - 
2016-11-2417:00:52,682  INFO com.my.sb.App:71 - -------------displayName-------------
2016-11-2417:00:52,682  INFO com.my.sb.App:72 - org.springframework.boot.context.embedded.AnnotationConfigEmbeddedWebApplicationContext@2cd2a21f
2016-11-2417:00:52,683  INFO com.my.sb.App:75 - --------------server port---------------------
2016-11-2417:00:52,685  INFO com.my.sb.App:76 - 8081
2016-11-2417:00:52,686  INFO com.my.sb.App:79 - default
2016-11-2417:01:22,159  INFO org.apache.catalina.core.ContainerBase.[Tomcat].[localhost].[/]:180 - Initializing Spring FrameworkServlet 'dispatcherServlet'
2016-11-2417:01:22,159  INFO org.springframework.web.servlet.DispatcherServlet:488 - FrameworkServlet 'dispatcherServlet': initialization started
2016-11-2417:01:22,193  INFO org.springframework.web.servlet.DispatcherServlet:507 - FrameworkServlet 'dispatcherServlet': initialization completed in 33 ms
2016-11-2417:21:32,592  INFO com.my.sb.App:48 - Starting App on Lenovo-PC-024 with PID 7688 (E:\mayueEclipse\sb\target\classes started by wanglin in E:\mayueEclipse\sb)
2016-11-2417:21:32,600  INFO com.my.sb.App:666 - No active profile set, falling back to default profiles: default
2016-11-2417:21:32,736  INFO org.springframework.boot.context.embedded.AnnotationConfigEmbeddedWebApplicationContext:578 - Refreshing org.springframework.boot.context.embedded.AnnotationConfigEmbeddedWebApplicationContext@3b69e7d1: startup date [Thu Nov 24 17:21:32 CST 2016]; root of context hierarchy
2016-11-2417:21:33,249  INFO org.hibernate.validator.internal.util.Version:30 - HV000001: Hibernate Validator 5.2.4.Final
2016-11-2417:21:35,364  INFO org.springframework.beans.factory.support.DefaultListableBeanFactory:839 - Overriding bean definition for bean 'beanNameViewResolver' with a different definition: replacing [Root bean: class [null]; scope=; abstract=false; lazyInit=false; autowireMode=3; dependencyCheck=0; autowireCandidate=true; primary=false; factoryBeanName=org.springframework.boot.autoconfigure.web.ErrorMvcAutoConfiguration$WhitelabelErrorViewConfiguration; factoryMethodName=beanNameViewResolver; initMethodName=null; destroyMethodName=(inferred); defined in class path resource [org/springframework/boot/autoconfigure/web/ErrorMvcAutoConfiguration$WhitelabelErrorViewConfiguration.class]] with [Root bean: class [null]; scope=; abstract=false; lazyInit=false; autowireMode=3; dependencyCheck=0; autowireCandidate=true; primary=false; factoryBeanName=org.springframework.boot.autoconfigure.web.WebMvcAutoConfiguration$WebMvcAutoConfigurationAdapter; factoryMethodName=beanNameViewResolver; initMethodName=null; destroyMethodName=(inferred); defined in class path resource [org/springframework/boot/autoconfigure/web/WebMvcAutoConfiguration$WebMvcAutoConfigurationAdapter.class]]
2016-11-2417:21:36,043  INFO org.springframework.context.support.PostProcessorRegistrationDelegate$BeanPostProcessorChecker:328 - Bean 'org.springframework.transaction.annotation.ProxyTransactionManagementConfiguration' of type [class org.springframework.transaction.annotation.ProxyTransactionManagementConfiguration$$EnhancerBySpringCGLIB$$9c960cf7] is not eligible for getting processed by all BeanPostProcessors (for example: not eligible for auto-proxying)
2016-11-2417:21:37,485  INFO org.springframework.boot.context.embedded.tomcat.TomcatEmbeddedServletContainer:81 - Tomcat initialized with port(s): 8081 (http)
2016-11-2417:21:37,531  INFO org.apache.catalina.core.StandardService:180 - Starting service Tomcat
2016-11-2417:21:37,534  INFO org.apache.catalina.core.StandardEngine:180 - Starting Servlet Engine: Apache Tomcat/8.0.32
2016-11-2417:21:37,835  INFO org.apache.catalina.core.ContainerBase.[Tomcat].[localhost].[/]:180 - Initializing Spring embedded WebApplicationContext
2016-11-2417:21:37,835  INFO org.springframework.web.context.ContextLoader:272 - Root WebApplicationContext: initialization completed in 5106 ms
2016-11-2417:21:38,769  INFO org.springframework.boot.context.embedded.FilterRegistrationBean:258 - Mapping filter: 'characterEncodingFilter' to: [/*]
2016-11-2417:21:38,771  INFO org.springframework.boot.context.embedded.FilterRegistrationBean:258 - Mapping filter: 'hiddenHttpMethodFilter' to: [/*]
2016-11-2417:21:38,771  INFO org.springframework.boot.context.embedded.FilterRegistrationBean:258 - Mapping filter: 'httpPutFormContentFilter' to: [/*]
2016-11-2417:21:38,772  INFO org.springframework.boot.context.embedded.FilterRegistrationBean:258 - Mapping filter: 'requestContextFilter' to: [/*]
2016-11-2417:21:38,772  INFO org.springframework.boot.context.embedded.FilterRegistrationBean:271 - Mapping filter: 'securityFilter' to urls: [/*]
2016-11-2417:21:38,774  INFO org.springframework.boot.context.embedded.ServletRegistrationBean:189 - Mapping servlet: 'dispatcherServlet' to [/]
2016-11-2417:21:39,470  INFO org.springframework.aop.framework.CglibAopProxy:265 - Unable to proxy method [protected final java.sql.Connection org.springframework.jdbc.core.support.JdbcDaoSupport.getConnection() throws org.springframework.jdbc.CannotGetJdbcConnectionException] because it is final: All calls to this method via a proxy will NOT be routed to the target instance.
2016-11-2417:21:39,471  INFO org.springframework.aop.framework.CglibAopProxy:265 - Unable to proxy method [public final void org.springframework.jdbc.core.support.JdbcDaoSupport.setDataSource(javax.sql.DataSource)] because it is final: All calls to this method via a proxy will NOT be routed to the target instance.
2016-11-2417:21:39,471  INFO org.springframework.aop.framework.CglibAopProxy:265 - Unable to proxy method [public final javax.sql.DataSource org.springframework.jdbc.core.support.JdbcDaoSupport.getDataSource()] because it is final: All calls to this method via a proxy will NOT be routed to the target instance.
2016-11-2417:21:39,472  INFO org.springframework.aop.framework.CglibAopProxy:265 - Unable to proxy method [protected final org.springframework.jdbc.support.SQLExceptionTranslator org.springframework.jdbc.core.support.JdbcDaoSupport.getExceptionTranslator()] because it is final: All calls to this method via a proxy will NOT be routed to the target instance.
2016-11-2417:21:39,472  INFO org.springframework.aop.framework.CglibAopProxy:265 - Unable to proxy method [protected final void org.springframework.jdbc.core.support.JdbcDaoSupport.releaseConnection(java.sql.Connection)] because it is final: All calls to this method via a proxy will NOT be routed to the target instance.
2016-11-2417:21:39,473  INFO org.springframework.aop.framework.CglibAopProxy:265 - Unable to proxy method [public final org.springframework.jdbc.core.JdbcTemplate org.springframework.jdbc.core.support.JdbcDaoSupport.getJdbcTemplate()] because it is final: All calls to this method via a proxy will NOT be routed to the target instance.
2016-11-2417:21:39,473  INFO org.springframework.aop.framework.CglibAopProxy:265 - Unable to proxy method [public final void org.springframework.jdbc.core.support.JdbcDaoSupport.setJdbcTemplate(org.springframework.jdbc.core.JdbcTemplate)] because it is final: All calls to this method via a proxy will NOT be routed to the target instance.
2016-11-2417:21:39,474  INFO org.springframework.aop.framework.CglibAopProxy:265 - Unable to proxy method [public final void org.springframework.dao.support.DaoSupport.afterPropertiesSet() throws java.lang.IllegalArgumentException,org.springframework.beans.factory.BeanInitializationException] because it is final: All calls to this method via a proxy will NOT be routed to the target instance.
2016-11-2417:21:39,706  INFO com.my.sb.App:60 - >>>>>>>>>>org.springframework.jdbc.datasource.DataSourceTransactionManager
2016-11-2417:21:40,638  INFO org.springframework.web.servlet.mvc.method.annotation.RequestMappingHandlerAdapter:532 - Looking for @ControllerAdvice: org.springframework.boot.context.embedded.AnnotationConfigEmbeddedWebApplicationContext@3b69e7d1: startup date [Thu Nov 24 17:21:32 CST 2016]; root of context hierarchy
2016-11-2417:21:40,833  INFO org.springframework.web.servlet.mvc.method.annotation.RequestMappingHandlerMapping:534 - Mapped "{[/goods/],methods=[GET]}" onto public java.lang.String com.my.sb.controller.GoodsCtrl.getGoods()
2016-11-2417:21:40,841  INFO org.springframework.web.servlet.mvc.method.annotation.RequestMappingHandlerMapping:534 - Mapped "{[/goods/save]}" onto public java.lang.String com.my.sb.controller.GoodsCtrl.saveGoods()
2016-11-2417:21:40,844  INFO org.springframework.web.servlet.mvc.method.annotation.RequestMappingHandlerMapping:534 - Mapped "{[/login/register],methods=[POST]}" onto public java.util.Map<java.lang.String, java.lang.String> com.my.sb.controller.loginController.register(com.my.sb.domain.User)
2016-11-2417:21:40,845  INFO org.springframework.web.servlet.mvc.method.annotation.RequestMappingHandlerMapping:534 - Mapped "{[/login/checkLogin],methods=[POST]}" onto public boolean com.my.sb.controller.loginController.checkLogin(com.my.sb.domain.User)
2016-11-2417:21:40,869  INFO org.springframework.web.servlet.mvc.method.annotation.RequestMappingHandlerMapping:534 - Mapped "{[/message/getMessageList],methods=[GET]}" onto public java.util.List<com.my.sb.domain.Message> com.my.sb.controller.MessageCtrl.getMessageList()
2016-11-2417:21:40,870  INFO org.springframework.web.servlet.mvc.method.annotation.RequestMappingHandlerMapping:534 - Mapped "{[/message/insertMessage],methods=[GET]}" onto public void com.my.sb.controller.MessageCtrl.insertMessage()
2016-11-2417:21:40,884  INFO org.springframework.web.servlet.mvc.method.annotation.RequestMappingHandlerMapping:534 - Mapped "{[/error]}" onto public org.springframework.http.ResponseEntity<java.util.Map<java.lang.String, java.lang.Object>> org.springframework.boot.autoconfigure.web.BasicErrorController.error(javax.servlet.http.HttpServletRequest)
2016-11-2417:21:40,888  INFO org.springframework.web.servlet.mvc.method.annotation.RequestMappingHandlerMapping:534 - Mapped "{[/error],produces=[text/html]}" onto public org.springframework.web.servlet.ModelAndView org.springframework.boot.autoconfigure.web.BasicErrorController.errorHtml(javax.servlet.http.HttpServletRequest,javax.servlet.http.HttpServletResponse)
2016-11-2417:21:40,975  INFO org.springframework.web.servlet.handler.SimpleUrlHandlerMapping:341 - Mapped URL path [/webjars/**] onto handler of type [class org.springframework.web.servlet.resource.ResourceHttpRequestHandler]
2016-11-2417:21:40,976  INFO org.springframework.web.servlet.handler.SimpleUrlHandlerMapping:341 - Mapped URL path [/**] onto handler of type [class org.springframework.web.servlet.resource.ResourceHttpRequestHandler]
2016-11-2417:21:41,107  INFO org.springframework.web.servlet.mvc.method.annotation.ExceptionHandlerExceptionResolver:267 - Detected @ExceptionHandler methods in exceptionAdvice
2016-11-2417:21:41,165  INFO org.springframework.web.servlet.handler.SimpleUrlHandlerMapping:341 - Mapped URL path [/**/favicon.ico] onto handler of type [class org.springframework.web.servlet.resource.ResourceHttpRequestHandler]
2016-11-2417:21:41,908  INFO org.springframework.jmx.export.annotation.AnnotationMBeanExporter:431 - Registering beans for JMX exposure on startup
2016-11-2417:21:41,995  INFO org.apache.coyote.http11.Http11NioProtocol:180 - Initializing ProtocolHandler ["http-nio-8081"]
2016-11-2417:21:42,044  INFO org.apache.coyote.http11.Http11NioProtocol:180 - Starting ProtocolHandler ["http-nio-8081"]
2016-11-2417:21:42,104  INFO org.apache.tomcat.util.net.NioSelectorPool:180 - Using a shared selector for servlet write/read
2016-11-2417:21:42,193  INFO org.springframework.boot.context.embedded.tomcat.TomcatEmbeddedServletContainer:162 - Tomcat started on port(s): 8081 (http)
2016-11-2417:21:42,231  INFO com.my.sb.App:57 - Started App in 10.374 seconds (JVM running for 11.288)
2016-11-2417:21:42,231  INFO com.my.sb.App:69 - -------------applicationName-------------
2016-11-2417:21:42,232  INFO com.my.sb.App:70 - 
2016-11-2417:21:42,244  INFO com.my.sb.App:71 - -------------displayName-------------
2016-11-2417:21:42,244  INFO com.my.sb.App:72 - org.springframework.boot.context.embedded.AnnotationConfigEmbeddedWebApplicationContext@3b69e7d1
2016-11-2417:21:42,245  INFO com.my.sb.App:75 - --------------server port---------------------
2016-11-2417:21:42,246  INFO com.my.sb.App:76 - 8081
2016-11-2417:21:42,252  INFO com.my.sb.App:79 - default
2016-11-2417:22:24,834  INFO org.apache.catalina.core.ContainerBase.[Tomcat].[localhost].[/]:180 - Initializing Spring FrameworkServlet 'dispatcherServlet'
2016-11-2417:22:24,834  INFO org.springframework.web.servlet.DispatcherServlet:488 - FrameworkServlet 'dispatcherServlet': initialization started
2016-11-2417:22:24,879  INFO org.springframework.web.servlet.DispatcherServlet:507 - FrameworkServlet 'dispatcherServlet': initialization completed in 44 ms
